This is cutadapt 4.6 with Python 3.11.0
Command line parameters: -a ATTACGTCCCTGCCCTTTGTA -g AACCTGGTTGATCCTGCCAG -n 3 -o ../results/denoised/Suthaus_2023/extracted_18S/{dada2}/extracted_18S_Sim22_18S.fastq.gz ../raw_data/dada2/Suthaus_2023/Full18S/filtered/Sim22_18S.hifi_reads.fastq.gz
Processing single-end reads on 1 core ...
Finished in 3.716 s (144.067 µs/read; 0.42 M reads/minute).

=== Summary ===

Total reads processed:                  25,796
Reads with adapters:                    25,357 (98.3%)
Reads written (passing filters):        25,796 (100.0%)

Total basepairs processed:    45,446,497 bp
Total written (filtered):     41,227,701 bp (90.7%)

=== Adapter 1 ===

Sequence: ATTACGTCCCTGCCCTTTGTA; Type: regular 3'; Length: 21; Trimmed: 25357 times

Minimum overlap: 3
No. of allowed errors:
1-9 bp: 0; 10-19 bp: 1; 20-21 bp: 2

Bases preceding removed adapters:
  A: 0.1%
  C: 0.0%
  G: 99.9%
  T: 0.0%
  none/other: 0.0%
WARNING:
    The adapter is preceded by 'G' extremely often.
    The provided adapter sequence could be incomplete at its 5' end.
    Ignore this warning when trimming primers.

Overview of removed sequences
length	count	expect	max.err	error counts
3	2	403.1	0	2
48	1	0.0	2	1
98	1	0.0	2	1
106	1	0.0	2	0 1
130	62	0.0	2	0 0 62
131	1	0.0	2	0 0 1
136	22	0.0	2	0 22
137	87	0.0	2	1 86
138	36	0.0	2	1 35
139	12	0.0	2	0 12
140	2	0.0	2	1 0 1
141	41	0.0	2	2 0 39
142	2	0.0	2	1 1
143	84	0.0	2	83 1
144	61	0.0	2	2 6 53
145	6	0.0	2	1 5
146	282	0.0	2	5 277
147	14	0.0	2	3 10 1
148	3	0.0	2	1 1 1
149	23	0.0	2	2 21
150	5	0.0	2	4 1
151	48	0.0	2	10 10 28
152	90	0.0	2	22 67 1
153	22	0.0	2	11 11
154	271	0.0	2	171 100
155	41	0.0	2	34 6 1
156	218	0.0	2	163 29 26
157	88	0.0	2	82 6
158	65	0.0	2	63 2
159	697	0.0	2	678 11 8
160	789	0.0	2	737 52
161	1424	0.0	2	1365 57 2
162	293	0.0	2	274 19
163	2306	0.0	2	1522 776 8
164	806	0.0	2	699 95 12
165	9932	0.0	2	2824 7104 4
166	772	0.0	2	439 311 22
167	5006	0.0	2	4922 76 8
168	1101	0.0	2	1059 40 2
169	165	0.0	2	111 52 2
170	40	0.0	2	28 11 1
171	10	0.0	2	6 4
172	14	0.0	2	7 7
173	8	0.0	2	7 1
174	5	0.0	2	3 2
175	1	0.0	2	1
176	3	0.0	2	3
177	1	0.0	2	1
186	1	0.0	2	1
187	3	0.0	2	3
191	2	0.0	2	2
192	82	0.0	2	82
193	171	0.0	2	168 3
194	4	0.0	2	4
195	1	0.0	2	1
208	5	0.0	2	5
222	1	0.0	2	0 1
275	1	0.0	2	1
278	1	0.0	2	1
287	1	0.0	2	1
459	1	0.0	2	1
486	1	0.0	2	0 1
509	1	0.0	2	0 1
512	1	0.0	2	0 1
527	1	0.0	2	1
550	3	0.0	2	3
558	1	0.0	2	1
567	1	0.0	2	0 1
577	1	0.0	2	1
579	1	0.0	2	1
583	1	0.0	2	1
587	6	0.0	2	6
590	1	0.0	2	1
591	2	0.0	2	2
600	3	0.0	2	3
626	3	0.0	2	3
628	1	0.0	2	1
634	1	0.0	2	1
636	3	0.0	2	3
638	1	0.0	2	1
640	1	0.0	2	1
643	5	0.0	2	5
644	4	0.0	2	3 0 1
645	13	0.0	2	13
646	4	0.0	2	4
647	1	0.0	2	1
652	2	0.0	2	2
653	25	0.0	2	25
654	1	0.0	2	1
665	5	0.0	2	5
669	3	0.0	2	3
687	1	0.0	2	0 1
694	3	0.0	2	3
698	3	0.0	2	3
701	6	0.0	2	6
709	1	0.0	2	1
715	1	0.0	2	1
730	1	0.0	2	1
734	1	0.0	2	1
774	1	0.0	2	1
863	1	0.0	2	1
925	3	0.0	2	3


=== Adapter 2 ===

Sequence: AACCTGGTTGATCCTGCCAG; Type: regular 5'; Length: 20; Trimmed: 0 times

WARNING:
    One or more of your adapter sequences may be incomplete.
    Please see the detailed output above.
