This is cutadapt 4.6 with Python 3.11.0
Command line parameters: -a ATTACGTCCCTGCCCTTTGTA -g AACCTGGTTGATCCTGCCAG -n 3 -o ../results/denoised/Suthaus_2023/extracted_18S/{dada2}/extracted_18S_A3_18S.fastq.gz ../raw_data/dada2/Suthaus_2023/Full18S/filtered/A3_18S.hifi_reads.fastq.gz
Processing single-end reads on 1 core ...
Finished in 0.959 s (138.241 µs/read; 0.43 M reads/minute).

=== Summary ===

Total reads processed:                   6,939
Reads with adapters:                     6,007 (86.6%)
Reads written (passing filters):         6,939 (100.0%)

Total basepairs processed:    11,830,206 bp
Total written (filtered):     10,874,993 bp (91.9%)

=== Adapter 1 ===

Sequence: ATTACGTCCCTGCCCTTTGTA; Type: regular 3'; Length: 21; Trimmed: 6005 times

Minimum overlap: 3
No. of allowed errors:
1-9 bp: 0; 10-19 bp: 1; 20-21 bp: 2

Bases preceding removed adapters:
  A: 0.1%
  C: 0.0%
  G: 99.9%
  T: 0.0%
  none/other: 0.0%
WARNING:
    The adapter is preceded by 'G' extremely often.
    The provided adapter sequence could be incomplete at its 5' end.
    Ignore this warning when trimming primers.

Overview of removed sequences
length	count	expect	max.err	error counts
3	2	108.4	0	2
92	9	0.0	2	9
106	3	0.0	2	3
132	5	0.0	2	0 5
133	1	0.0	2	0 1
135	17	0.0	2	0 12 5
136	39	0.0	2	0 36 3
137	143	0.0	2	1 141 1
138	42	0.0	2	10 32
139	21	0.0	2	15 5 1
140	1	0.0	2	1
141	24	0.0	2	8 2 14
142	42	0.0	2	24 3 15
143	64	0.0	2	40 24
144	69	0.0	2	32 37
145	30	0.0	2	4 25 1
146	8	0.0	2	1 7
147	110	0.0	2	17 85 8
148	8	0.0	2	0 2 6
149	69	0.0	2	12 35 22
150	88	0.0	2	2 56 30
151	81	0.0	2	0 75 6
152	198	0.0	2	21 43 134
153	97	0.0	2	9 69 19
154	185	0.0	2	10 165 10
155	76	0.0	2	17 54 5
156	164	0.0	2	71 86 7
157	169	0.0	2	119 43 7
158	265	0.0	2	217 20 28
159	780	0.0	2	566 197 17
160	439	0.0	2	373 53 13
161	721	0.0	2	669 43 9
162	355	0.0	2	258 90 7
163	386	0.0	2	340 38 8
164	235	0.0	2	210 7 18
165	352	0.0	2	341 8 3
166	194	0.0	2	144 50
167	252	0.0	2	241 7 4
168	41	0.0	2	37 3 1
169	120	0.0	2	117 3
170	12	0.0	2	9 3
171	38	0.0	2	38
172	17	0.0	2	16 1
173	1	0.0	2	0 1
174	1	0.0	2	1
176	5	0.0	2	5
177	1	0.0	2	1
178	1	0.0	2	1
181	4	0.0	2	4
184	1	0.0	2	1
186	4	0.0	2	4
206	1	0.0	2	1
207	2	0.0	2	2
210	2	0.0	2	2
214	1	0.0	2	1
215	1	0.0	2	1
216	1	0.0	2	1
573	1	0.0	2	1
574	2	0.0	2	2
575	1	0.0	2	1
586	1	0.0	2	1
701	1	0.0	2	1
706	1	0.0	2	0 1


=== Adapter 2 ===

Sequence: AACCTGGTTGATCCTGCCAG; Type: regular 5'; Length: 20; Trimmed: 2 times

Minimum overlap: 3
No. of allowed errors:
1-9 bp: 0; 10-19 bp: 1; 20 bp: 2

Overview of removed sequences
length	count	expect	max.err	error counts
3	1	108.4	0	1
1491	1	0.0	2	0 0 1


WARNING:
    One or more of your adapter sequences may be incomplete.
    Please see the detailed output above.
