This is cutadapt 4.6 with Python 3.11.0
Command line parameters: -a ATTACGTCCCTGCCCTTTGTA -g AACCTGGTTGATCCTGCCAG -n 3 -o ../results/denoised/Suthaus_2023/extracted_18S/{dada2}/extracted_18S_Sim17_18S.fastq.gz ../raw_data/dada2/Suthaus_2023/Full18S/filtered/Sim17_18S.hifi_reads.fastq.gz
Processing single-end reads on 1 core ...
Finished in 3.563 s (136.757 µs/read; 0.44 M reads/minute).

=== Summary ===

Total reads processed:                  26,057
Reads with adapters:                    24,430 (93.8%)
Reads written (passing filters):        26,057 (100.0%)

Total basepairs processed:    43,381,456 bp
Total written (filtered):     39,328,721 bp (90.7%)

=== Adapter 1 ===

Sequence: ATTACGTCCCTGCCCTTTGTA; Type: regular 3'; Length: 21; Trimmed: 24433 times

Minimum overlap: 3
No. of allowed errors:
1-9 bp: 0; 10-19 bp: 1; 20-21 bp: 2

Bases preceding removed adapters:
  A: 0.0%
  C: 0.0%
  G: 99.9%
  T: 0.0%
  none/other: 0.0%
WARNING:
    The adapter is preceded by 'G' extremely often.
    The provided adapter sequence could be incomplete at its 5' end.
    Ignore this warning when trimming primers.

Overview of removed sequences
length	count	expect	max.err	error counts
3	2	407.1	0	2
4	4	101.8	0	4
44	4	0.0	2	4
47	1	0.0	2	1
55	1	0.0	2	1
115	2	0.0	2	2
117	1	0.0	2	1
127	3	0.0	2	0 0 3
128	3	0.0	2	0 0 3
129	23	0.0	2	0 0 23
130	6414	0.0	2	2 6 6406
131	121	0.0	2	0 3 118
132	22	0.0	2	0 1 21
133	3	0.0	2	0 2 1
134	109	0.0	2	2 101 6
135	14	0.0	2	0 13 1
136	11	0.0	2	1 10
137	477	0.0	2	5 470 2
138	114	0.0	2	1 111 2
139	10	0.0	2	0 7 3
140	21	0.0	2	11 5 5
141	976	0.0	2	929 14 33
142	1867	0.0	2	14 1846 7
143	61	0.0	2	20 36 5
144	157	0.0	2	132 5 20
145	50	0.0	2	22 27 1
146	627	0.0	2	4 622 1
147	23	0.0	2	7 14 2
148	40	0.0	2	32 8
149	49	0.0	2	27 21 1
150	51	0.0	2	23 20 8
151	201	0.0	2	43 153 5
152	254	0.0	2	10 239 5
153	27	0.0	2	18 8 1
154	1785	0.0	2	439 1345 1
155	108	0.0	2	40 61 7
156	301	0.0	2	272 28 1
157	1060	0.0	2	1010 42 8
158	114	0.0	2	108 6
159	460	0.0	2	420 37 3
160	1596	0.0	2	1519 72 5
161	1743	0.0	2	1715 23 5
162	339	0.0	2	302 31 6
163	2581	0.0	2	1638 929 14
164	304	0.0	2	216 84 4
165	766	0.0	2	456 303 7
166	276	0.0	2	107 157 12
167	40	0.0	2	35 5
168	159	0.0	2	157 2
169	27	0.0	2	24 3
170	8	0.0	2	8
171	3	0.0	2	3
172	2	0.0	2	0 2
177	6	0.0	2	6
179	1	0.0	2	0 1
193	2	0.0	2	2
194	13	0.0	2	13
196	1	0.0	2	1
197	1	0.0	2	1
202	1	0.0	2	1
204	1	0.0	2	1
205	2	0.0	2	0 2
206	1	0.0	2	1
208	2	0.0	2	2
220	2	0.0	2	2
237	1	0.0	2	1
239	1	0.0	2	1
309	1	0.0	2	1
321	2	0.0	2	2
337	1	0.0	2	1
343	1	0.0	2	0 1
348	3	0.0	2	3
383	5	0.0	2	5
406	1	0.0	2	0 1
438	3	0.0	2	0 0 3
504	1	0.0	2	1
509	1	0.0	2	0 1
526	1	0.0	2	0 1
527	4	0.0	2	1 3
532	2	0.0	2	1 0 1
539	1	0.0	2	0 1
540	3	0.0	2	3
543	1	0.0	2	1
544	2	0.0	2	2
546	2	0.0	2	2
556	1	0.0	2	1
559	1	0.0	2	1
562	2	0.0	2	2
563	2	0.0	2	1 1
564	1	0.0	2	1
565	2	0.0	2	0 2
566	20	0.0	2	0 19 1
567	570	0.0	2	1 569
568	28	0.0	2	0 26 2
569	6	0.0	2	2 3 1
570	2	0.0	2	0 2
572	2	0.0	2	0 1 1
573	1	0.0	2	1
577	1	0.0	2	1
578	1	0.0	2	1
579	6	0.0	2	6
580	2	0.0	2	2
581	1	0.0	2	1
582	1	0.0	2	0 1
583	1	0.0	2	1
600	6	0.0	2	6
601	4	0.0	2	4
602	1	0.0	2	1
603	2	0.0	2	2
604	2	0.0	2	2
605	25	0.0	2	25
608	1	0.0	2	1
609	5	0.0	2	5
610	1	0.0	2	1
615	1	0.0	2	1
620	2	0.0	2	2
626	1	0.0	2	0 1
635	1	0.0	2	1
636	1	0.0	2	1
645	2	0.0	2	2
650	1	0.0	2	1
651	3	0.0	2	3
652	2	0.0	2	2
653	2	0.0	2	2
655	1	0.0	2	1
657	1	0.0	2	1
658	2	0.0	2	2
659	15	0.0	2	14 1
660	38	0.0	2	37 1
661	5	0.0	2	5
662	14	0.0	2	14
663	6	0.0	2	6
667	3	0.0	2	3
668	1	0.0	2	1
669	1	0.0	2	1
670	2	0.0	2	2
671	6	0.0	2	6
672	11	0.0	2	11
673	2	0.0	2	2
676	1	0.0	2	1
679	11	0.0	2	11
680	2	0.0	2	2
683	26	0.0	2	26
684	2	0.0	2	2
685	4	0.0	2	4
691	1	0.0	2	1
692	1	0.0	2	1
693	4	0.0	2	4
694	2	0.0	2	2
695	1	0.0	2	1
696	1	0.0	2	1
701	1	0.0	2	1
703	4	0.0	2	4
704	1	0.0	2	1
705	1	0.0	2	1
706	8	0.0	2	8
707	5	0.0	2	5
708	3	0.0	2	3
709	2	0.0	2	2
710	3	0.0	2	3
715	20	0.0	2	20
716	2	0.0	2	2
727	1	0.0	2	1
729	1	0.0	2	1
732	1	0.0	2	1
733	1	0.0	2	1
734	1	0.0	2	1
738	2	0.0	2	2
740	1	0.0	2	1
748	1	0.0	2	1
753	5	0.0	2	5
754	1	0.0	2	1
772	1	0.0	2	1
788	1	0.0	2	0 1
796	1	0.0	2	1
809	1	0.0	2	1
823	1	0.0	2	1


=== Adapter 2 ===

Sequence: AACCTGGTTGATCCTGCCAG; Type: regular 5'; Length: 20; Trimmed: 5 times

Minimum overlap: 3
No. of allowed errors:
1-9 bp: 0; 10-19 bp: 1; 20 bp: 2

Overview of removed sequences
length	count	expect	max.err	error counts
3	4	407.1	0	4
509	1	0.0	2	0 0 1


WARNING:
    One or more of your adapter sequences may be incomplete.
    Please see the detailed output above.
