This is cutadapt 4.6 with Python 3.11.0
Command line parameters: -a ATTACGTCCCTGCCCTTTGTA -g AACCTGGTTGATCCTGCCAG -n 3 -o ../results/denoised/Suthaus_2023/extracted_18S/{dada2}/extracted_18S_NH1_18S.fastq.gz ../raw_data/dada2/Suthaus_2023/Full18S/filtered/NH1_18S.hifi_reads.fastq.gz
Processing single-end reads on 1 core ...
Finished in 1.647 s (129.753 µs/read; 0.46 M reads/minute).

=== Summary ===

Total reads processed:                  12,696
Reads with adapters:                    12,170 (95.9%)
Reads written (passing filters):        12,696 (100.0%)

Total basepairs processed:    22,463,448 bp
Total written (filtered):     20,405,864 bp (90.8%)

=== Adapter 1 ===

Sequence: ATTACGTCCCTGCCCTTTGTA; Type: regular 3'; Length: 21; Trimmed: 12169 times

Minimum overlap: 3
No. of allowed errors:
1-9 bp: 0; 10-19 bp: 1; 20-21 bp: 2

Bases preceding removed adapters:
  A: 0.1%
  C: 0.0%
  G: 99.9%
  T: 0.0%
  none/other: 0.0%
WARNING:
    The adapter is preceded by 'G' extremely often.
    The provided adapter sequence could be incomplete at its 5' end.
    Ignore this warning when trimming primers.

Overview of removed sequences
length	count	expect	max.err	error counts
3	3	198.4	0	3
105	1	0.0	2	1
113	1	0.0	2	1
130	1	0.0	2	0 0 1
137	2	0.0	2	0 2
142	1	0.0	2	1
145	1	0.0	2	0 1
146	1	0.0	2	0 1
149	5	0.0	2	0 0 5
150	5	0.0	2	0 3 2
151	15	0.0	2	6 9
152	1	0.0	2	0 1
153	3	0.0	2	3
154	18	0.0	2	10 8
155	981	0.0	2	977 4
156	23	0.0	2	19 4
157	110	0.0	2	101 8 1
158	6	0.0	2	5 1
159	37	0.0	2	36 1
160	85	0.0	2	82 3
161	146	0.0	2	143 3
162	175	0.0	2	124 51
163	8152	0.0	2	8062 79 11
164	304	0.0	2	277 26 1
165	937	0.0	2	511 422 4
166	728	0.0	2	715 9 4
167	200	0.0	2	186 13 1
168	19	0.0	2	15 4
169	11	0.0	2	9 1 1
170	5	0.0	2	4 0 1
171	2	0.0	2	2
172	1	0.0	2	0 0 1
173	1	0.0	2	0 1
178	3	0.0	2	2 1
182	1	0.0	2	1
193	1	0.0	2	1
418	1	0.0	2	1
453	1	0.0	2	1
481	5	0.0	2	5
489	1	0.0	2	1
504	1	0.0	2	0 1
528	1	0.0	2	0 0 1
536	2	0.0	2	2
537	45	0.0	2	45
538	3	0.0	2	3
540	1	0.0	2	1
557	1	0.0	2	1
563	1	0.0	2	1
564	2	0.0	2	2
565	1	0.0	2	1
567	2	0.0	2	1 1
574	3	0.0	2	3
580	1	0.0	2	1
582	5	0.0	2	5
584	1	0.0	2	1
591	1	0.0	2	1
596	3	0.0	2	3
597	1	0.0	2	1
601	2	0.0	2	2
603	1	0.0	2	1
606	1	0.0	2	1
607	14	0.0	2	14
608	1	0.0	2	0 1
610	2	0.0	2	2
611	1	0.0	2	1
613	1	0.0	2	1
615	2	0.0	2	1 1
616	21	0.0	2	21
617	3	0.0	2	3
618	1	0.0	2	1
619	1	0.0	2	1
624	7	0.0	2	7
625	1	0.0	2	1
627	1	0.0	2	1
634	4	0.0	2	4
635	7	0.0	2	7
644	1	0.0	2	1
649	2	0.0	2	2
652	2	0.0	2	2
653	4	0.0	2	4
658	3	0.0	2	3
686	1	0.0	2	1
691	3	0.0	2	3
695	1	0.0	2	1
697	5	0.0	2	5
700	1	0.0	2	1
712	1	0.0	2	1
857	4	0.0	2	4
858	1	0.0	2	1


=== Adapter 2 ===

Sequence: AACCTGGTTGATCCTGCCAG; Type: regular 5'; Length: 20; Trimmed: 1 times

Minimum overlap: 3
No. of allowed errors:
1-9 bp: 0; 10-19 bp: 1; 20 bp: 2

Overview of removed sequences
length	count	expect	max.err	error counts
3	1	198.4	0	1


WARNING:
    One or more of your adapter sequences may be incomplete.
    Please see the detailed output above.
