This is cutadapt 4.6 with Python 3.11.0
Command line parameters: -a ATTACGTCCCTGCCCTTTGTA -g AACCTGGTTGATCCTGCCAG -n 3 -o ../results/denoised/Suthaus_2023/extracted_18S/{dada2}/extracted_18S_Th40_18S.fastq.gz ../raw_data/dada2/Suthaus_2023/Full18S/filtered/Th40_18S.hifi_reads.fastq.gz
Processing single-end reads on 1 core ...
Finished in 2.014 s (140.225 µs/read; 0.43 M reads/minute).

=== Summary ===

Total reads processed:                  14,361
Reads with adapters:                    13,986 (97.4%)
Reads written (passing filters):        14,361 (100.0%)

Total basepairs processed:    25,055,311 bp
Total written (filtered):     22,758,731 bp (90.8%)

=== Adapter 1 ===

Sequence: ATTACGTCCCTGCCCTTTGTA; Type: regular 3'; Length: 21; Trimmed: 13986 times

Minimum overlap: 3
No. of allowed errors:
1-9 bp: 0; 10-19 bp: 1; 20-21 bp: 2

Bases preceding removed adapters:
  A: 0.1%
  C: 0.0%
  G: 99.9%
  T: 0.0%
  none/other: 0.0%
WARNING:
    The adapter is preceded by 'G' extremely often.
    The provided adapter sequence could be incomplete at its 5' end.
    Ignore this warning when trimming primers.

Overview of removed sequences
length	count	expect	max.err	error counts
3	3	224.4	0	3
41	1	0.0	2	1
113	2	0.0	2	0 0 2
130	15	0.0	2	0 0 15
137	5	0.0	2	0 5
138	5	0.0	2	0 5
139	1	0.0	2	1
142	44	0.0	2	0 43 1
143	878	0.0	2	1 874 3
144	18	0.0	2	1 11 6
145	2	0.0	2	0 2
146	1	0.0	2	0 1
147	3	0.0	2	2 1
148	3	0.0	2	0 1 2
149	4	0.0	2	0 1 3
150	2	0.0	2	1 1
151	9	0.0	2	1 8
152	45	0.0	2	0 45
153	3	0.0	2	1 2
154	132	0.0	2	15 117
155	76	0.0	2	50 25 1
156	999	0.0	2	974 20 5
157	2173	0.0	2	2130 37 6
158	40	0.0	2	31 8 1
159	62	0.0	2	40 22
160	102	0.0	2	94 8
161	845	0.0	2	827 9 9
162	167	0.0	2	151 12 4
163	5298	0.0	2	5253 36 9
164	2046	0.0	2	330 1705 11
165	137	0.0	2	81 46 10
166	33	0.0	2	22 11
167	299	0.0	2	24 274 1
168	30	0.0	2	23 5 2
169	32	0.0	2	27 2 3
170	6	0.0	2	5 1
171	46	0.0	2	37 0 9
173	1	0.0	2	0 1
174	1	0.0	2	1
176	1	0.0	2	1
177	1	0.0	2	0 1
185	1	0.0	2	1
190	1	0.0	2	0 1
192	271	0.0	2	271
193	29	0.0	2	28 1
194	2	0.0	2	2
195	1	0.0	2	1
199	3	0.0	2	3
201	1	0.0	2	1
383	2	0.0	2	2
384	1	0.0	2	1
399	1	0.0	2	1
438	1	0.0	2	0 1
501	1	0.0	2	1
508	1	0.0	2	1
524	1	0.0	2	1
527	7	0.0	2	0 7
537	1	0.0	2	1
567	1	0.0	2	1
597	1	0.0	2	1
599	2	0.0	2	2
601	1	0.0	2	1
602	1	0.0	2	1
603	1	0.0	2	1
607	4	0.0	2	4
608	1	0.0	2	1
610	3	0.0	2	3
614	2	0.0	2	1 0 1
616	2	0.0	2	2
624	2	0.0	2	2
625	1	0.0	2	1
627	2	0.0	2	2
628	1	0.0	2	1
634	13	0.0	2	13
635	1	0.0	2	1
636	1	0.0	2	1
638	2	0.0	2	2
641	1	0.0	2	1
648	2	0.0	2	2
651	2	0.0	2	2
652	1	0.0	2	1
653	11	0.0	2	11
654	7	0.0	2	7
656	1	0.0	2	1
658	4	0.0	2	4
659	5	0.0	2	5
667	1	0.0	2	1
679	1	0.0	2	1
694	2	0.0	2	2
704	2	0.0	2	2
709	2	0.0	2	2
710	1	0.0	2	1
712	1	0.0	2	1
736	1	0.0	2	1
857	3	0.0	2	3


=== Adapter 2 ===

Sequence: AACCTGGTTGATCCTGCCAG; Type: regular 5'; Length: 20; Trimmed: 0 times

WARNING:
    One or more of your adapter sequences may be incomplete.
    Please see the detailed output above.
