This is cutadapt 4.6 with Python 3.11.0
Command line parameters: -a ATTACGTCCCTGCCCTTTGTA -g AACCTGGTTGATCCTGCCAG -n 3 -o ../results/denoised/Suthaus_2023/extracted_18S/{dada2}/extracted_18S_Mock_18S.fastq.gz ../raw_data/dada2/Suthaus_2023/Full18S/filtered/Mock_18S.hifi_reads.fastq.gz
Processing single-end reads on 1 core ...
Finished in 5.489 s (132.169 µs/read; 0.45 M reads/minute).

=== Summary ===

Total reads processed:                  41,534
Reads with adapters:                    31,148 (75.0%)
Reads written (passing filters):        41,534 (100.0%)

Total basepairs processed:    80,294,510 bp
Total written (filtered):     73,451,420 bp (91.5%)

=== Adapter 1 ===

Sequence: ATTACGTCCCTGCCCTTTGTA; Type: regular 3'; Length: 21; Trimmed: 31140 times

Minimum overlap: 3
No. of allowed errors:
1-9 bp: 0; 10-19 bp: 1; 20-21 bp: 2

Bases preceding removed adapters:
  A: 0.0%
  C: 0.0%
  G: 99.9%
  T: 0.0%
  none/other: 0.0%
WARNING:
    The adapter is preceded by 'G' extremely often.
    The provided adapter sequence could be incomplete at its 5' end.
    Ignore this warning when trimming primers.

Overview of removed sequences
length	count	expect	max.err	error counts
3	12	649.0	0	12
35	1	0.0	2	1
65	1	0.0	2	1
76	1	0.0	2	1
81	1	0.0	2	1
140	6	0.0	2	0 6
150	28	0.0	2	28
151	1	0.0	2	1
152	1	0.0	2	1
154	3	0.0	2	2 1
155	8	0.0	2	7 1
156	38	0.0	2	32 5 1
157	4149	0.0	2	4142 7
158	105	0.0	2	85 20
159	4236	0.0	2	4225 8 3
160	287	0.0	2	258 29
161	14458	0.0	2	14431 23 4
162	365	0.0	2	307 43 15
163	184	0.0	2	165 10 9
164	82	0.0	2	75 5 2
165	65	0.0	2	62 3
166	300	0.0	2	289 9 2
167	2111	0.0	2	2102 7 2
168	67	0.0	2	52 15
169	8	0.0	2	6 2
170	3	0.0	2	3
171	8	0.0	2	8
172	614	0.0	2	613 1
173	5	0.0	2	5
174	1	0.0	2	1
175	1	0.0	2	1
183	1	0.0	2	1
190	2	0.0	2	2
237	1	0.0	2	1
263	1	0.0	2	1
488	1	0.0	2	1
492	1	0.0	2	1
495	1	0.0	2	1
522	1	0.0	2	1
552	1	0.0	2	1
566	1	0.0	2	1
568	1	0.0	2	1
569	1	0.0	2	1
570	7	0.0	2	7
571	1	0.0	2	1
572	6	0.0	2	6
573	59	0.0	2	57 2
574	2431	0.0	2	2428 2 1
575	138	0.0	2	131 7
576	33	0.0	2	30 2 1
577	10	0.0	2	10
578	2	0.0	2	2
579	2	0.0	2	1 1
580	1	0.0	2	1
581	1	0.0	2	0 1
584	1	0.0	2	1
593	1	0.0	2	1
608	1	0.0	2	1
656	2	0.0	2	2
657	1	0.0	2	1
658	10	0.0	2	10
659	227	0.0	2	227
660	18	0.0	2	18
661	12	0.0	2	11 1
662	3	0.0	2	3
663	1	0.0	2	1
668	1	0.0	2	1
692	4	0.0	2	4
693	65	0.0	2	65
694	10	0.0	2	10
695	1	0.0	2	1
698	1	0.0	2	1
700	1	0.0	2	1
701	48	0.0	2	47 0 1
702	3	0.0	2	3
703	4	0.0	2	4
704	1	0.0	2	1
705	1	0.0	2	1
706	1	0.0	2	1
707	1	0.0	2	1
719	1	0.0	2	1
720	1	0.0	2	1
723	1	0.0	2	1
724	3	0.0	2	3
725	4	0.0	2	3 1
726	11	0.0	2	11
727	338	0.0	2	337 1
728	34	0.0	2	34
729	5	0.0	2	5
730	2	0.0	2	2
731	3	0.0	2	3
732	1	0.0	2	1
733	2	0.0	2	2
734	1	0.0	2	1
735	1	0.0	2	1
738	1	0.0	2	1
749	1	0.0	2	1
750	1	0.0	2	1
751	2	0.0	2	2
752	8	0.0	2	8
753	24	0.0	2	23 1
754	304	0.0	2	304
755	76	0.0	2	76
756	13	0.0	2	13
757	12	0.0	2	12
758	2	0.0	2	2
759	1	0.0	2	1
760	1	0.0	2	1
761	1	0.0	2	1
765	2	0.0	2	2
815	1	0.0	2	1
826	1	0.0	2	1
905	1	0.0	2	1
912	1	0.0	2	1
947	1	0.0	2	1
1047	1	0.0	2	1
1081	1	0.0	2	1
1198	1	0.0	2	1
1218	1	0.0	2	1
1393	1	0.0	2	1


=== Adapter 2 ===

Sequence: AACCTGGTTGATCCTGCCAG; Type: regular 5'; Length: 20; Trimmed: 9 times

Minimum overlap: 3
No. of allowed errors:
1-9 bp: 0; 10-19 bp: 1; 20 bp: 2

Overview of removed sequences
length	count	expect	max.err	error counts
3	6	649.0	0	6
4	1	162.2	0	1
213	1	0.0	2	0 0 1
416	1	0.0	2	0 0 1


WARNING:
    One or more of your adapter sequences may be incomplete.
    Please see the detailed output above.
