This is cutadapt 4.6 with Python 3.11.0
Command line parameters: -a ATTACGTCCCTGCCCTTTGTA -g AACCTGGTTGATCCTGCCAG -n 3 -o ../results/denoised/Suthaus_2023/extracted_18S/{dada2}/extracted_18S_X17007_18S.fastq.gz ../raw_data/dada2/Suthaus_2023/Full18S/filtered/X17007_18S.hifi_reads.fastq.gz
Processing single-end reads on 1 core ...
Finished in 0.744 s (131.407 µs/read; 0.46 M reads/minute).

=== Summary ===

Total reads processed:                   5,660
Reads with adapters:                     4,351 (76.9%)
Reads written (passing filters):         5,660 (100.0%)

Total basepairs processed:     9,322,772 bp
Total written (filtered):      8,605,132 bp (92.3%)

=== Adapter 1 ===

Sequence: ATTACGTCCCTGCCCTTTGTA; Type: regular 3'; Length: 21; Trimmed: 4348 times

Minimum overlap: 3
No. of allowed errors:
1-9 bp: 0; 10-19 bp: 1; 20-21 bp: 2

Bases preceding removed adapters:
  A: 0.0%
  C: 0.0%
  G: 99.7%
  T: 0.2%
  none/other: 0.0%
WARNING:
    The adapter is preceded by 'G' extremely often.
    The provided adapter sequence could be incomplete at its 5' end.
    Ignore this warning when trimming primers.

Overview of removed sequences
length	count	expect	max.err	error counts
3	12	88.4	0	12
137	6	0.0	2	0 6
138	3	0.0	2	1 2
139	15	0.0	2	3 12
141	2	0.0	2	2
143	1	0.0	2	1
144	4	0.0	2	0 4
145	5	0.0	2	5
147	15	0.0	2	0 15
148	1	0.0	2	0 1
149	9	0.0	2	3 1 5
150	14	0.0	2	7 3 4
151	14	0.0	2	0 14
152	11	0.0	2	0 11
153	6	0.0	2	4 2
155	24	0.0	2	11 13
156	29	0.0	2	25 4
157	65	0.0	2	47 6 12
158	100	0.0	2	80 11 9
159	280	0.0	2	210 66 4
160	298	0.0	2	270 24 4
161	325	0.0	2	317 8
162	201	0.0	2	130 70 1
163	213	0.0	2	173 36 4
164	230	0.0	2	225 5
165	341	0.0	2	308 29 4
166	486	0.0	2	439 39 8
167	279	0.0	2	262 17
168	799	0.0	2	76 720 3
169	269	0.0	2	250 16 3
170	25	0.0	2	22 3
171	21	0.0	2	18 3
172	198	0.0	2	23 175
173	5	0.0	2	1 4
174	1	0.0	2	0 1
175	11	0.0	2	11
176	4	0.0	2	0 0 4
210	7	0.0	2	7
211	1	0.0	2	1
212	7	0.0	2	7
215	2	0.0	2	2
234	1	0.0	2	1
358	1	0.0	2	1
574	5	0.0	2	5
727	2	0.0	2	2


=== Adapter 2 ===

Sequence: AACCTGGTTGATCCTGCCAG; Type: regular 5'; Length: 20; Trimmed: 4 times

Minimum overlap: 3
No. of allowed errors:
1-9 bp: 0; 10-19 bp: 1; 20 bp: 2

Overview of removed sequences
length	count	expect	max.err	error counts
3	3	88.4	0	3
972	1	0.0	2	0 0 1


WARNING:
    One or more of your adapter sequences may be incomplete.
    Please see the detailed output above.
