This is cutadapt 4.6 with Python 3.11.0
Command line parameters: -a ATTACGTCCCTGCCCTTTGTA -g AACCTGGTTGATCCTGCCAG -n 3 -o ../results/denoised/Suthaus_2023/extracted_18S/{dada2}/extracted_18S_NH4_18S.fastq.gz ../raw_data/dada2/Suthaus_2023/Full18S/filtered/NH4_18S.hifi_reads.fastq.gz
Processing single-end reads on 1 core ...
Finished in 1.048 s (139.314 µs/read; 0.43 M reads/minute).

=== Summary ===

Total reads processed:                   7,524
Reads with adapters:                     7,201 (95.7%)
Reads written (passing filters):         7,524 (100.0%)

Total basepairs processed:    13,185,402 bp
Total written (filtered):     11,936,940 bp (90.5%)

=== Adapter 1 ===

Sequence: ATTACGTCCCTGCCCTTTGTA; Type: regular 3'; Length: 21; Trimmed: 7201 times

Minimum overlap: 3
No. of allowed errors:
1-9 bp: 0; 10-19 bp: 1; 20-21 bp: 2

Bases preceding removed adapters:
  A: 0.4%
  C: 0.0%
  G: 99.6%
  T: 0.0%
  none/other: 0.0%
WARNING:
    The adapter is preceded by 'G' extremely often.
    The provided adapter sequence could be incomplete at its 5' end.
    Ignore this warning when trimming primers.

Overview of removed sequences
length	count	expect	max.err	error counts
87	1	0.0	2	1
128	1	0.0	2	0 0 1
130	5	0.0	2	0 0 5
131	1	0.0	2	0 0 1
137	2	0.0	2	0 2
142	3	0.0	2	2 1
143	5	0.0	2	2 0 3
144	14	0.0	2	0 14
145	2	0.0	2	2
146	1	0.0	2	0 1
147	2	0.0	2	0 0 2
149	8	0.0	2	2 5 1
150	22	0.0	2	2 20
151	49	0.0	2	3 46
152	5	0.0	2	2 3
153	14	0.0	2	10 4
154	22	0.0	2	2 20
155	15	0.0	2	14 1
156	570	0.0	2	569 1
157	850	0.0	2	650 191 9
158	19	0.0	2	11 7 1
159	47	0.0	2	44 3
160	26	0.0	2	25 1
161	316	0.0	2	313 3
162	170	0.0	2	128 36 6
163	4374	0.0	2	4309 52 13
164	170	0.0	2	148 19 3
165	179	0.0	2	91 88
166	58	0.0	2	50 4 4
167	12	0.0	2	10 1 1
168	6	0.0	2	6
169	7	0.0	2	4 2 1
171	2	0.0	2	2
172	3	0.0	2	3
182	2	0.0	2	2
193	2	0.0	2	2
194	1	0.0	2	1
199	2	0.0	2	2
229	4	0.0	2	0 4
447	1	0.0	2	1
455	4	0.0	2	0 4
481	1	0.0	2	1
483	1	0.0	2	1
489	7	0.0	2	7
491	1	0.0	2	1
496	1	0.0	2	0 1
497	3	0.0	2	0 3
504	1	0.0	2	1
505	1	0.0	2	1
514	1	0.0	2	1
522	1	0.0	2	1
523	3	0.0	2	3
524	64	0.0	2	64
525	2	0.0	2	2
527	1	0.0	2	1
528	1	0.0	2	1
531	2	0.0	2	2
533	2	0.0	2	2
535	1	0.0	2	1
553	1	0.0	2	1
555	1	0.0	2	1
557	1	0.0	2	1
560	2	0.0	2	2
561	22	0.0	2	22
564	1	0.0	2	1
575	3	0.0	2	2 1
582	3	0.0	2	3
585	1	0.0	2	1
588	2	0.0	2	2
590	2	0.0	2	2
591	2	0.0	2	2
595	1	0.0	2	1
606	1	0.0	2	1
607	4	0.0	2	4
614	1	0.0	2	1
616	11	0.0	2	11
617	2	0.0	2	2
618	1	0.0	2	1
620	3	0.0	2	3
622	1	0.0	2	1
624	2	0.0	2	2
627	1	0.0	2	1
634	9	0.0	2	9
635	4	0.0	2	4
637	1	0.0	2	1
643	1	0.0	2	1
644	1	0.0	2	1
653	3	0.0	2	3
656	4	0.0	2	4
658	3	0.0	2	3
659	1	0.0	2	1
668	1	0.0	2	1
677	1	0.0	2	1
680	1	0.0	2	1
686	1	0.0	2	1
697	3	0.0	2	3
701	1	0.0	2	1
727	1	0.0	2	1
756	1	0.0	2	1
862	1	0.0	2	1
1057	1	0.0	2	1
1104	2	0.0	2	2


=== Adapter 2 ===

Sequence: AACCTGGTTGATCCTGCCAG; Type: regular 5'; Length: 20; Trimmed: 0 times

WARNING:
    One or more of your adapter sequences may be incomplete.
    Please see the detailed output above.
